2020-06-23 12:50:08,107 [INFO] Activator:176 - 


2020-06-23 12:50:08,197 [INFO] Activator:177 - !SESSION log4j initialized
2020-06-23 12:50:52,153 [ERROR] LogOutputStream:74 - [STDERR_REDIRECT] java.lang.NullPointerException
2020-06-23 12:50:52,167 [ERROR] LogOutputStream:74 - [STDERR_REDIRECT] 	at com.st.stm32cube.common.ecosystemintegration.ui.core.MCUEcoSystemIntegrationUiHelper.getTargetSelector(MCUEcoSystemIntegrationUiHelper.java:78)
2020-06-23 12:50:52,205 [ERROR] LogOutputStream:74 - [STDERR_REDIRECT] 	at com.st.stm32cube.common.projectcreation.ui.wizard.TargetSetupFromIocPage.<init>(TargetSetupFromIocPage.java:34)
2020-06-23 12:50:52,230 [ERROR] LogOutputStream:74 - [STDERR_REDIRECT] 	at com.st.stm32cube.common.projectcreation.ui.wizard.STM32ProjectFromIocWizard.getTargetSetupPage(STM32ProjectFromIocWizard.java:36)
2020-06-23 12:50:52,254 [ERROR] LogOutputStream:74 - [STDERR_REDIRECT] 	at com.st.stm32cube.common.projectcreation.ui.wizard.STM32ProjectWizardAbstract.addPages(STM32ProjectWizardAbstract.java:82)
2020-06-23 12:50:52,269 [ERROR] LogOutputStream:74 - [STDERR_REDIRECT] 	at org.eclipse.jface.wizard.WizardDialog.createContents(WizardDialog.java:632)
2020-06-23 12:50:52,282 [ERROR] LogOutputStream:74 - [STDERR_REDIRECT] 	at org.eclipse.jface.window.Window.create(Window.java:431)
2020-06-23 12:50:52,294 [ERROR] LogOutputStream:74 - [STDERR_REDIRECT] 	at org.eclipse.jface.dialogs.Dialog.create(Dialog.java:1094)
2020-06-23 12:50:52,312 [ERROR] LogOutputStream:74 - [STDERR_REDIRECT] 	at org.eclipse.jface.window.Window.open(Window.java:788)
2020-06-23 12:50:52,331 [ERROR] LogOutputStream:74 - [STDERR_REDIRECT] 	at com.st.stm32cube.ide.mcu.informationcenter.WelcomePageAction.run(WelcomePageAction.java:54)
2020-06-23 12:50:52,349 [ERROR] LogOutputStream:74 - [STDERR_REDIRECT] 	at org.eclipse.ui.internal.intro.impl.model.url.IntroURL.runAction(IntroURL.java:287)
2020-06-23 12:50:52,366 [ERROR] LogOutputStream:74 - [STDERR_REDIRECT] 	at org.eclipse.ui.internal.intro.impl.model.url.IntroURL.doExecute(IntroURL.java:193)
2020-06-23 12:50:52,382 [ERROR] LogOutputStream:74 - [STDERR_REDIRECT] 	at org.eclipse.ui.internal.intro.impl.model.url.IntroURL.lambda$0(IntroURL.java:146)
2020-06-23 12:50:52,396 [ERROR] LogOutputStream:74 - [STDERR_REDIRECT] 	at org.eclipse.swt.custom.BusyIndicator.showWhile(BusyIndicator.java:72)
2020-06-23 12:50:52,424 [ERROR] LogOutputStream:74 - [STDERR_REDIRECT] 	at org.eclipse.ui.internal.intro.impl.model.url.IntroURL.execute(IntroURL.java:146)
2020-06-23 12:50:52,460 [ERROR] LogOutputStream:74 - [STDERR_REDIRECT] 	at org.eclipse.ui.internal.intro.impl.presentations.BrowserIntroPartLocationListener.changing(BrowserIntroPartLocationListener.java:130)
2020-06-23 12:50:52,472 [ERROR] LogOutputStream:74 - [STDERR_REDIRECT] 	at org.eclipse.swt.browser.IE.lambda$6(IE.java:525)
2020-06-23 12:50:52,489 [ERROR] LogOutputStream:74 - [STDERR_REDIRECT] 	at org.eclipse.swt.ole.win32.OleEventTable.sendEvent(OleEventTable.java:58)
2020-06-23 12:50:52,505 [ERROR] LogOutputStream:74 - [STDERR_REDIRECT] 	at org.eclipse.swt.ole.win32.OleEventSink.notifyListener(OleEventSink.java:160)
2020-06-23 12:50:52,519 [ERROR] LogOutputStream:74 - [STDERR_REDIRECT] 	at org.eclipse.swt.ole.win32.OleEventSink.Invoke(OleEventSink.java:128)
2020-06-23 12:50:52,557 [ERROR] LogOutputStream:74 - [STDERR_REDIRECT] 	at org.eclipse.swt.ole.win32.OleEventSink.access$1(OleEventSink.java:105)
2020-06-23 12:50:52,572 [ERROR] LogOutputStream:74 - [STDERR_REDIRECT] 	at org.eclipse.swt.ole.win32.OleEventSink$1.method6(OleEventSink.java:79)
2020-06-23 12:50:52,587 [ERROR] LogOutputStream:74 - [STDERR_REDIRECT] 	at org.eclipse.swt.internal.ole.win32.COMObject.callback6(COMObject.java:122)
2020-06-23 12:50:52,603 [ERROR] LogOutputStream:74 - [STDERR_REDIRECT] 	at org.eclipse.swt.internal.win32.OS.DispatchMessage(Native Method)
2020-06-23 12:50:52,617 [ERROR] LogOutputStream:74 - [STDERR_REDIRECT] 	at org.eclipse.swt.widgets.Display.readAndDispatch(Display.java:3583)
2020-06-23 12:50:52,635 [ERROR] LogOutputStream:74 - [STDERR_REDIRECT] 	at org.eclipse.e4.ui.internal.workbench.swt.PartRenderingEngine$5.run(PartRenderingEngine.java:1160)
2020-06-23 12:50:52,677 [ERROR] LogOutputStream:74 - [STDERR_REDIRECT] 	at org.eclipse.core.databinding.observable.Realm.runWithDefault(Realm.java:338)
2020-06-23 12:50:52,697 [ERROR] LogOutputStream:74 - [STDERR_REDIRECT] 	at org.eclipse.e4.ui.internal.workbench.swt.PartRenderingEngine.run(PartRenderingEngine.java:1049)
2020-06-23 12:50:52,713 [ERROR] LogOutputStream:74 - [STDERR_REDIRECT] 	at org.eclipse.e4.ui.internal.workbench.E4Workbench.createAndRunUI(E4Workbench.java:155)
2020-06-23 12:50:52,726 [ERROR] LogOutputStream:74 - [STDERR_REDIRECT] 	at org.eclipse.ui.internal.Workbench.lambda$3(Workbench.java:633)
2020-06-23 12:50:52,741 [ERROR] LogOutputStream:74 - [STDERR_REDIRECT] 	at org.eclipse.core.databinding.observable.Realm.runWithDefault(Realm.java:338)
2020-06-23 12:50:52,755 [ERROR] LogOutputStream:74 - [STDERR_REDIRECT] 	at org.eclipse.ui.internal.Workbench.createAndRunWorkbench(Workbench.java:557)
2020-06-23 12:50:52,793 [ERROR] LogOutputStream:74 - [STDERR_REDIRECT] 	at org.eclipse.ui.PlatformUI.createAndRunWorkbench(PlatformUI.java:150)
2020-06-23 12:50:52,810 [ERROR] LogOutputStream:74 - [STDERR_REDIRECT] 	at org.eclipse.ui.internal.ide.application.IDEApplication.start(IDEApplication.java:150)
2020-06-23 12:50:52,826 [ERROR] LogOutputStream:74 - [STDERR_REDIRECT] 	at org.eclipse.equinox.internal.app.EclipseAppHandle.run(EclipseAppHandle.java:203)
2020-06-23 12:50:52,845 [ERROR] LogOutputStream:74 - [STDERR_REDIRECT] 	at org.eclipse.core.runtime.internal.adaptor.EclipseAppLauncher.runApplication(EclipseAppLauncher.java:137)
2020-06-23 12:50:52,865 [ERROR] LogOutputStream:74 - [STDERR_REDIRECT] 	at org.eclipse.core.runtime.internal.adaptor.EclipseAppLauncher.start(EclipseAppLauncher.java:107)
2020-06-23 12:50:52,881 [ERROR] LogOutputStream:74 - [STDERR_REDIRECT] 	at org.eclipse.core.runtime.adaptor.EclipseStarter.run(EclipseStarter.java:400)
2020-06-23 12:50:52,897 [ERROR] LogOutputStream:74 - [STDERR_REDIRECT] 	at org.eclipse.core.runtime.adaptor.EclipseStarter.run(EclipseStarter.java:255)
2020-06-23 12:50:52,909 [ERROR] LogOutputStream:74 - [STDERR_REDIRECT] 	at sun.reflect.NativeMethodAccessorImpl.invoke0(Native Method)
2020-06-23 12:50:52,928 [ERROR] LogOutputStream:74 - [STDERR_REDIRECT] 	at sun.reflect.NativeMethodAccessorImpl.invoke(NativeMethodAccessorImpl.java:62)
2020-06-23 12:50:52,946 [ERROR] LogOutputStream:74 - [STDERR_REDIRECT] 	at sun.reflect.DelegatingMethodAccessorImpl.invoke(DelegatingMethodAccessorImpl.java:43)
2020-06-23 12:50:52,957 [ERROR] LogOutputStream:74 - [STDERR_REDIRECT] 	at java.lang.reflect.Method.invoke(Method.java:498)
2020-06-23 12:50:52,971 [ERROR] LogOutputStream:74 - [STDERR_REDIRECT] 	at org.eclipse.equinox.launcher.Main.invokeFramework(Main.java:660)
2020-06-23 12:50:52,984 [ERROR] LogOutputStream:74 - [STDERR_REDIRECT] 	at org.eclipse.equinox.launcher.Main.basicRun(Main.java:597)
2020-06-23 12:50:53,008 [ERROR] LogOutputStream:74 - [STDERR_REDIRECT] 	at org.eclipse.equinox.launcher.Main.run(Main.java:1468)
2020-06-23 12:50:58,040 [ERROR] LogOutputStream:74 - [STDERR_REDIRECT] java.lang.NullPointerException
2020-06-23 12:50:58,067 [ERROR] LogOutputStream:74 - [STDERR_REDIRECT] 	at com.st.stm32cube.common.ecosystemintegration.ui.core.MCUEcoSystemIntegrationUiHelper.getTargetSelector(MCUEcoSystemIntegrationUiHelper.java:78)
2020-06-23 12:50:58,095 [ERROR] LogOutputStream:74 - [STDERR_REDIRECT] 	at com.st.stm32cube.common.projectcreation.ui.wizard.TargetSetupFromIocPage.<init>(TargetSetupFromIocPage.java:34)
2020-06-23 12:50:58,117 [ERROR] LogOutputStream:74 - [STDERR_REDIRECT] 	at com.st.stm32cube.common.projectcreation.ui.wizard.STM32ProjectFromIocWizard.getTargetSetupPage(STM32ProjectFromIocWizard.java:36)
2020-06-23 12:50:58,138 [ERROR] LogOutputStream:74 - [STDERR_REDIRECT] 	at com.st.stm32cube.common.projectcreation.ui.wizard.STM32ProjectWizardAbstract.addPages(STM32ProjectWizardAbstract.java:82)
2020-06-23 12:50:58,153 [ERROR] LogOutputStream:74 - [STDERR_REDIRECT] 	at org.eclipse.jface.wizard.WizardDialog.createContents(WizardDialog.java:632)
2020-06-23 12:50:58,166 [ERROR] LogOutputStream:74 - [STDERR_REDIRECT] 	at org.eclipse.jface.window.Window.create(Window.java:431)
2020-06-23 12:50:58,226 [ERROR] LogOutputStream:74 - [STDERR_REDIRECT] 	at org.eclipse.jface.dialogs.Dialog.create(Dialog.java:1094)
2020-06-23 12:50:58,237 [ERROR] LogOutputStream:74 - [STDERR_REDIRECT] 	at org.eclipse.jface.window.Window.open(Window.java:788)
2020-06-23 12:50:58,254 [ERROR] LogOutputStream:74 - [STDERR_REDIRECT] 	at com.st.stm32cube.ide.mcu.informationcenter.WelcomePageAction.run(WelcomePageAction.java:54)
2020-06-23 12:50:58,268 [ERROR] LogOutputStream:74 - [STDERR_REDIRECT] 	at org.eclipse.ui.internal.intro.impl.model.url.IntroURL.runAction(IntroURL.java:287)
2020-06-23 12:50:58,283 [ERROR] LogOutputStream:74 - [STDERR_REDIRECT] 	at org.eclipse.ui.internal.intro.impl.model.url.IntroURL.doExecute(IntroURL.java:193)
2020-06-23 12:50:58,298 [ERROR] LogOutputStream:74 - [STDERR_REDIRECT] 	at org.eclipse.ui.internal.intro.impl.model.url.IntroURL.lambda$0(IntroURL.java:146)
2020-06-23 12:50:58,312 [ERROR] LogOutputStream:74 - [STDERR_REDIRECT] 	at org.eclipse.swt.custom.BusyIndicator.showWhile(BusyIndicator.java:72)
2020-06-23 12:50:58,350 [ERROR] LogOutputStream:74 - [STDERR_REDIRECT] 	at org.eclipse.ui.internal.intro.impl.model.url.IntroURL.execute(IntroURL.java:146)
2020-06-23 12:50:58,373 [ERROR] LogOutputStream:74 - [STDERR_REDIRECT] 	at org.eclipse.ui.internal.intro.impl.presentations.BrowserIntroPartLocationListener.changing(BrowserIntroPartLocationListener.java:130)
2020-06-23 12:50:58,384 [ERROR] LogOutputStream:74 - [STDERR_REDIRECT] 	at org.eclipse.swt.browser.IE.lambda$6(IE.java:525)
2020-06-23 12:50:58,398 [ERROR] LogOutputStream:74 - [STDERR_REDIRECT] 	at org.eclipse.swt.ole.win32.OleEventTable.sendEvent(OleEventTable.java:58)
2020-06-23 12:50:58,413 [ERROR] LogOutputStream:74 - [STDERR_REDIRECT] 	at org.eclipse.swt.ole.win32.OleEventSink.notifyListener(OleEventSink.java:160)
2020-06-23 12:50:58,426 [ERROR] LogOutputStream:74 - [STDERR_REDIRECT] 	at org.eclipse.swt.ole.win32.OleEventSink.Invoke(OleEventSink.java:128)
2020-06-23 12:50:58,473 [ERROR] LogOutputStream:74 - [STDERR_REDIRECT] 	at org.eclipse.swt.ole.win32.OleEventSink.access$1(OleEventSink.java:105)
2020-06-23 12:50:58,487 [ERROR] LogOutputStream:74 - [STDERR_REDIRECT] 	at org.eclipse.swt.ole.win32.OleEventSink$1.method6(OleEventSink.java:79)
2020-06-23 12:50:58,508 [ERROR] LogOutputStream:74 - [STDERR_REDIRECT] 	at org.eclipse.swt.internal.ole.win32.COMObject.callback6(COMObject.java:122)
2020-06-23 12:50:58,524 [ERROR] LogOutputStream:74 - [STDERR_REDIRECT] 	at org.eclipse.swt.internal.win32.OS.DispatchMessage(Native Method)
2020-06-23 12:50:58,537 [ERROR] LogOutputStream:74 - [STDERR_REDIRECT] 	at org.eclipse.swt.widgets.Display.readAndDispatch(Display.java:3583)
2020-06-23 12:50:58,554 [ERROR] LogOutputStream:74 - [STDERR_REDIRECT] 	at org.eclipse.e4.ui.internal.workbench.swt.PartRenderingEngine$5.run(PartRenderingEngine.java:1160)
2020-06-23 12:50:58,601 [ERROR] LogOutputStream:74 - [STDERR_REDIRECT] 	at org.eclipse.core.databinding.observable.Realm.runWithDefault(Realm.java:338)
2020-06-23 12:50:58,617 [ERROR] LogOutputStream:74 - [STDERR_REDIRECT] 	at org.eclipse.e4.ui.internal.workbench.swt.PartRenderingEngine.run(PartRenderingEngine.java:1049)
2020-06-23 12:50:58,633 [ERROR] LogOutputStream:74 - [STDERR_REDIRECT] 	at org.eclipse.e4.ui.internal.workbench.E4Workbench.createAndRunUI(E4Workbench.java:155)
2020-06-23 12:50:58,645 [ERROR] LogOutputStream:74 - [STDERR_REDIRECT] 	at org.eclipse.ui.internal.Workbench.lambda$3(Workbench.java:633)
2020-06-23 12:50:58,662 [ERROR] LogOutputStream:74 - [STDERR_REDIRECT] 	at org.eclipse.core.databinding.observable.Realm.runWithDefault(Realm.java:338)
2020-06-23 12:50:58,679 [ERROR] LogOutputStream:74 - [STDERR_REDIRECT] 	at org.eclipse.ui.internal.Workbench.createAndRunWorkbench(Workbench.java:557)
2020-06-23 12:50:58,924 [ERROR] LogOutputStream:74 - [STDERR_REDIRECT] 	at org.eclipse.ui.PlatformUI.createAndRunWorkbench(PlatformUI.java:150)
2020-06-23 12:50:58,969 [ERROR] LogOutputStream:74 - [STDERR_REDIRECT] 	at org.eclipse.ui.internal.ide.application.IDEApplication.start(IDEApplication.java:150)
2020-06-23 12:50:58,986 [ERROR] LogOutputStream:74 - [STDERR_REDIRECT] 	at org.eclipse.equinox.internal.app.EclipseAppHandle.run(EclipseAppHandle.java:203)
2020-06-23 12:50:59,005 [ERROR] LogOutputStream:74 - [STDERR_REDIRECT] 	at org.eclipse.core.runtime.internal.adaptor.EclipseAppLauncher.runApplication(EclipseAppLauncher.java:137)
2020-06-23 12:50:59,024 [ERROR] LogOutputStream:74 - [STDERR_REDIRECT] 	at org.eclipse.core.runtime.internal.adaptor.EclipseAppLauncher.start(EclipseAppLauncher.java:107)
2020-06-23 12:50:59,038 [ERROR] LogOutputStream:74 - [STDERR_REDIRECT] 	at org.eclipse.core.runtime.adaptor.EclipseStarter.run(EclipseStarter.java:400)
2020-06-23 12:50:59,052 [ERROR] LogOutputStream:74 - [STDERR_REDIRECT] 	at org.eclipse.core.runtime.adaptor.EclipseStarter.run(EclipseStarter.java:255)
2020-06-23 12:50:59,076 [ERROR] LogOutputStream:74 - [STDERR_REDIRECT] 	at sun.reflect.NativeMethodAccessorImpl.invoke0(Native Method)
2020-06-23 12:50:59,092 [ERROR] LogOutputStream:74 - [STDERR_REDIRECT] 	at sun.reflect.NativeMethodAccessorImpl.invoke(NativeMethodAccessorImpl.java:62)
2020-06-23 12:50:59,191 [ERROR] LogOutputStream:74 - [STDERR_REDIRECT] 	at sun.reflect.DelegatingMethodAccessorImpl.invoke(DelegatingMethodAccessorImpl.java:43)
2020-06-23 12:50:59,201 [ERROR] LogOutputStream:74 - [STDERR_REDIRECT] 	at java.lang.reflect.Method.invoke(Method.java:498)
2020-06-23 12:50:59,214 [ERROR] LogOutputStream:74 - [STDERR_REDIRECT] 	at org.eclipse.equinox.launcher.Main.invokeFramework(Main.java:660)
2020-06-23 12:50:59,226 [ERROR] LogOutputStream:74 - [STDERR_REDIRECT] 	at org.eclipse.equinox.launcher.Main.basicRun(Main.java:597)
2020-06-23 12:50:59,237 [ERROR] LogOutputStream:74 - [STDERR_REDIRECT] 	at org.eclipse.equinox.launcher.Main.run(Main.java:1468)
2020-06-23 12:54:37,953 [ERROR] LogOutputStream:74 - [STDERR_REDIRECT] java.lang.NullPointerException
2020-06-23 12:54:37,970 [ERROR] LogOutputStream:74 - [STDERR_REDIRECT] 	at com.st.stm32cube.common.ecosystemintegration.ui.core.MCUEcoSystemIntegrationUiHelper.getTargetSelector(MCUEcoSystemIntegrationUiHelper.java:78)
2020-06-23 12:54:37,993 [ERROR] LogOutputStream:74 - [STDERR_REDIRECT] 	at com.st.stm32cube.common.projectcreation.ui.wizard.TargetSetupFromIocPage.<init>(TargetSetupFromIocPage.java:34)
2020-06-23 12:54:38,011 [ERROR] LogOutputStream:74 - [STDERR_REDIRECT] 	at com.st.stm32cube.common.projectcreation.ui.wizard.STM32ProjectFromIocWizard.getTargetSetupPage(STM32ProjectFromIocWizard.java:36)
2020-06-23 12:54:38,027 [ERROR] LogOutputStream:74 - [STDERR_REDIRECT] 	at com.st.stm32cube.common.projectcreation.ui.wizard.STM32ProjectWizardAbstract.addPages(STM32ProjectWizardAbstract.java:82)
2020-06-23 12:54:38,042 [ERROR] LogOutputStream:74 - [STDERR_REDIRECT] 	at org.eclipse.jface.wizard.WizardDialog.createContents(WizardDialog.java:632)
2020-06-23 12:54:38,054 [ERROR] LogOutputStream:74 - [STDERR_REDIRECT] 	at org.eclipse.jface.window.Window.create(Window.java:431)
2020-06-23 12:54:38,066 [ERROR] LogOutputStream:74 - [STDERR_REDIRECT] 	at org.eclipse.jface.dialogs.Dialog.create(Dialog.java:1094)
2020-06-23 12:54:38,080 [ERROR] LogOutputStream:74 - [STDERR_REDIRECT] 	at org.eclipse.jface.window.Window.open(Window.java:788)
2020-06-23 12:54:38,097 [ERROR] LogOutputStream:74 - [STDERR_REDIRECT] 	at com.st.stm32cube.ide.mcu.informationcenter.WelcomePageAction.run(WelcomePageAction.java:54)
2020-06-23 12:54:38,113 [ERROR] LogOutputStream:74 - [STDERR_REDIRECT] 	at org.eclipse.ui.internal.intro.impl.model.url.IntroURL.runAction(IntroURL.java:287)
2020-06-23 12:54:38,127 [ERROR] LogOutputStream:74 - [STDERR_REDIRECT] 	at org.eclipse.ui.internal.intro.impl.model.url.IntroURL.doExecute(IntroURL.java:193)
2020-06-23 12:54:38,142 [ERROR] LogOutputStream:74 - [STDERR_REDIRECT] 	at org.eclipse.ui.internal.intro.impl.model.url.IntroURL.lambda$0(IntroURL.java:146)
2020-06-23 12:54:38,155 [ERROR] LogOutputStream:74 - [STDERR_REDIRECT] 	at org.eclipse.swt.custom.BusyIndicator.showWhile(BusyIndicator.java:72)
2020-06-23 12:54:38,170 [ERROR] LogOutputStream:74 - [STDERR_REDIRECT] 	at org.eclipse.ui.internal.intro.impl.model.url.IntroURL.execute(IntroURL.java:146)
2020-06-23 12:54:38,192 [ERROR] LogOutputStream:74 - [STDERR_REDIRECT] 	at org.eclipse.ui.internal.intro.impl.presentations.BrowserIntroPartLocationListener.changing(BrowserIntroPartLocationListener.java:130)
2020-06-23 12:54:38,202 [ERROR] LogOutputStream:74 - [STDERR_REDIRECT] 	at org.eclipse.swt.browser.IE.lambda$6(IE.java:525)
2020-06-23 12:54:38,216 [ERROR] LogOutputStream:74 - [STDERR_REDIRECT] 	at org.eclipse.swt.ole.win32.OleEventTable.sendEvent(OleEventTable.java:58)
2020-06-23 12:54:38,229 [ERROR] LogOutputStream:74 - [STDERR_REDIRECT] 	at org.eclipse.swt.ole.win32.OleEventSink.notifyListener(OleEventSink.java:160)
2020-06-23 12:54:38,242 [ERROR] LogOutputStream:74 - [STDERR_REDIRECT] 	at org.eclipse.swt.ole.win32.OleEventSink.Invoke(OleEventSink.java:128)
2020-06-23 12:54:38,252 [ERROR] LogOutputStream:74 - [STDERR_REDIRECT] 	at org.eclipse.swt.ole.win32.OleEventSink.access$1(OleEventSink.java:105)
2020-06-23 12:54:38,260 [ERROR] LogOutputStream:74 - [STDERR_REDIRECT] 	at org.eclipse.swt.ole.win32.OleEventSink$1.method6(OleEventSink.java:79)
2020-06-23 12:54:38,268 [ERROR] LogOutputStream:74 - [STDERR_REDIRECT] 	at org.eclipse.swt.internal.ole.win32.COMObject.callback6(COMObject.java:122)
2020-06-23 12:54:38,276 [ERROR] LogOutputStream:74 - [STDERR_REDIRECT] 	at org.eclipse.swt.internal.win32.OS.DispatchMessage(Native Method)
2020-06-23 12:54:38,284 [ERROR] LogOutputStream:74 - [STDERR_REDIRECT] 	at org.eclipse.swt.widgets.Display.readAndDispatch(Display.java:3583)
2020-06-23 12:54:38,295 [ERROR] LogOutputStream:74 - [STDERR_REDIRECT] 	at org.eclipse.e4.ui.internal.workbench.swt.PartRenderingEngine$5.run(PartRenderingEngine.java:1160)
2020-06-23 12:54:38,304 [ERROR] LogOutputStream:74 - [STDERR_REDIRECT] 	at org.eclipse.core.databinding.observable.Realm.runWithDefault(Realm.java:338)
2020-06-23 12:54:38,320 [ERROR] LogOutputStream:74 - [STDERR_REDIRECT] 	at org.eclipse.e4.ui.internal.workbench.swt.PartRenderingEngine.run(PartRenderingEngine.java:1049)
2020-06-23 12:54:38,335 [ERROR] LogOutputStream:74 - [STDERR_REDIRECT] 	at org.eclipse.e4.ui.internal.workbench.E4Workbench.createAndRunUI(E4Workbench.java:155)
2020-06-23 12:54:38,346 [ERROR] LogOutputStream:74 - [STDERR_REDIRECT] 	at org.eclipse.ui.internal.Workbench.lambda$3(Workbench.java:633)
2020-06-23 12:54:38,358 [ERROR] LogOutputStream:74 - [STDERR_REDIRECT] 	at org.eclipse.core.databinding.observable.Realm.runWithDefault(Realm.java:338)
2020-06-23 12:54:38,372 [ERROR] LogOutputStream:74 - [STDERR_REDIRECT] 	at org.eclipse.ui.internal.Workbench.createAndRunWorkbench(Workbench.java:557)
2020-06-23 12:54:38,381 [ERROR] LogOutputStream:74 - [STDERR_REDIRECT] 	at org.eclipse.ui.PlatformUI.createAndRunWorkbench(PlatformUI.java:150)
2020-06-23 12:54:38,390 [ERROR] LogOutputStream:74 - [STDERR_REDIRECT] 	at org.eclipse.ui.internal.ide.application.IDEApplication.start(IDEApplication.java:150)
2020-06-23 12:54:38,403 [ERROR] LogOutputStream:74 - [STDERR_REDIRECT] 	at org.eclipse.equinox.internal.app.EclipseAppHandle.run(EclipseAppHandle.java:203)
2020-06-23 12:54:38,420 [ERROR] LogOutputStream:74 - [STDERR_REDIRECT] 	at org.eclipse.core.runtime.internal.adaptor.EclipseAppLauncher.runApplication(EclipseAppLauncher.java:137)
2020-06-23 12:54:38,431 [ERROR] LogOutputStream:74 - [STDERR_REDIRECT] 	at org.eclipse.core.runtime.internal.adaptor.EclipseAppLauncher.start(EclipseAppLauncher.java:107)
2020-06-23 12:54:38,442 [ERROR] LogOutputStream:74 - [STDERR_REDIRECT] 	at org.eclipse.core.runtime.adaptor.EclipseStarter.run(EclipseStarter.java:400)
2020-06-23 12:54:38,450 [ERROR] LogOutputStream:74 - [STDERR_REDIRECT] 	at org.eclipse.core.runtime.adaptor.EclipseStarter.run(EclipseStarter.java:255)
2020-06-23 12:54:38,457 [ERROR] LogOutputStream:74 - [STDERR_REDIRECT] 	at sun.reflect.NativeMethodAccessorImpl.invoke0(Native Method)
2020-06-23 12:54:38,466 [ERROR] LogOutputStream:74 - [STDERR_REDIRECT] 	at sun.reflect.NativeMethodAccessorImpl.invoke(NativeMethodAccessorImpl.java:62)
2020-06-23 12:54:38,476 [ERROR] LogOutputStream:74 - [STDERR_REDIRECT] 	at sun.reflect.DelegatingMethodAccessorImpl.invoke(DelegatingMethodAccessorImpl.java:43)
2020-06-23 12:54:38,481 [ERROR] LogOutputStream:74 - [STDERR_REDIRECT] 	at java.lang.reflect.Method.invoke(Method.java:498)
2020-06-23 12:54:38,492 [ERROR] LogOutputStream:74 - [STDERR_REDIRECT] 	at org.eclipse.equinox.launcher.Main.invokeFramework(Main.java:660)
2020-06-23 12:54:38,502 [ERROR] LogOutputStream:74 - [STDERR_REDIRECT] 	at org.eclipse.equinox.launcher.Main.basicRun(Main.java:597)
2020-06-23 12:54:38,512 [ERROR] LogOutputStream:74 - [STDERR_REDIRECT] 	at org.eclipse.equinox.launcher.Main.run(Main.java:1468)
